[0.027s] Invoking command in '/home/momo/uav_ws/build/uav_control': CMAKE_PREFIX_PATH=/opt/ros/foxy:${CMAKE_PREFIX_PATH} /usr/bin/cmake --build /home/momo/uav_ws/build/uav_control -- -j8 -l8
[0.104s] -- Found ament_cmake: 0.9.12 (/opt/ros/foxy/share/ament_cmake/cmake)
[0.147s] -- Using PYTHON_EXECUTABLE: /usr/bin/python3
[0.459s] -- Found uav_control_interfaces: 0.1.0 (/home/momo/uav_interface_ws/install/uav_control_interfaces/share/uav_control_interfaces/cmake)
[0.500s] -- Using all available rosidl_typesupport_c: rosidl_typesupport_fastrtps_c;rosidl_typesupport_introspection_c
[0.504s] -- Found rosidl_adapter: 1.3.1 (/opt/ros/foxy/share/rosidl_adapter/cmake)
[0.681s] -- Using all available rosidl_typesupport_cpp: rosidl_typesupport_fastrtps_cpp;rosidl_typesupport_introspection_cpp
[0.893s] -- Found rclcpp: 2.4.3 (/opt/ros/foxy/share/rclcpp/cmake)
[0.950s] -- Found rmw_implementation_cmake: 1.0.4 (/opt/ros/foxy/share/rmw_implementation_cmake/cmake)
[0.952s] -- Using RMW implementation 'rmw_fastrtps_cpp' as default
[1.188s] -- Found rclcpp_action: 2.4.3 (/opt/ros/foxy/share/rclcpp_action/cmake)
[1.238s] -- Found rclcpp_components: 2.4.3 (/opt/ros/foxy/share/rclcpp_components/cmake)
[1.339s] -- Found ament_lint_auto: 0.9.8 (/opt/ros/foxy/share/ament_lint_auto/cmake)
[1.470s] -- Added test 'copyright' to check source files copyright and LICENSE
[1.472s] -- Added test 'cppcheck' to perform static code analysis on C / C++ code
[1.473s] -- Configured cppcheck include dirs: 
[1.473s] -- Configured cppcheck exclude dirs and/or files: 
[1.474s] -- Added test 'cpplint' to check C / C++ code against the Google style
[1.475s] -- Configured cpplint exclude dirs and/or files: 
[1.475s] -- Added test 'lint_cmake' to check CMake code style
[1.476s] -- Added test 'uncrustify' to check C / C++ code style
[1.476s] -- Configured uncrustify additional arguments: 
[1.477s] -- Added test 'xmllint' to check XML markup files
[1.480s] -- Configuring done
[1.493s] -- Generating done
[1.496s] -- Build files have been written to: /home/momo/uav_ws/build/uav_control
[1.565s] [35m[1mScanning dependencies of target flight_action_server[0m
[1.636s] [ 50%] [32mBuilding CXX object CMakeFiles/flight_action_server.dir/src/flight_action_server.cpp.o[0m
[3.274s] In file included from [01m[K/opt/ros/foxy/include/rclcpp/client.hpp:40[m[K,
[3.274s]                  from [01m[K/opt/ros/foxy/include/rclcpp/callback_group.hpp:23[m[K,
[3.274s]                  from [01m[K/opt/ros/foxy/include/rclcpp/any_executable.hpp:20[m[K,
[3.275s]                  from [01m[K/opt/ros/foxy/include/rclcpp/memory_strategy.hpp:24[m[K,
[3.275s]                  from [01m[K/opt/ros/foxy/include/rclcpp/memory_strategies.hpp:18[m[K,
[3.275s]                  from [01m[K/opt/ros/foxy/include/rclcpp/executor_options.hpp:20[m[K,
[3.276s]                  from [01m[K/opt/ros/foxy/include/rclcpp/executor.hpp:33[m[K,
[3.276s]                  from [01m[K/opt/ros/foxy/include/rclcpp/executors/multi_threaded_executor.hpp:26[m[K,
[3.276s]                  from [01m[K/opt/ros/foxy/include/rclcpp/executors.hpp:21[m[K,
[3.277s]                  from [01m[K/opt/ros/foxy/include/rclcpp/rclcpp.hpp:146[m[K,
[3.277s]                  from [01m[K/home/momo/uav_ws/src/uav_control/src/flight_action_server.cpp:2[m[K:
[3.277s] [01m[K/home/momo/uav_ws/src/uav_control/src/flight_action_server.cpp:[m[K In member function â€˜[01m[Krclcpp_action::GoalResponse FlightActionServer::handle_goal(const GoalUUID&, std::shared_ptr<const uav_control_interfaces::action::Flight_Goal_<std::allocator<void> > >)[m[Kâ€™:
[3.278s] [01m[K/home/momo/uav_ws/src/uav_control/src/flight_action_server.cpp:25:89:[m[K [01;31m[Kerror: [m[Kâ€˜[01m[Kusing element_type = const struct uav_control_interfaces::action::Flight_Goal_<std::allocator<void> >[m[Kâ€™ {aka â€˜[01m[Kconst struct uav_control_interfaces::action::Flight_Goal_<std::allocator<void> >[m[Kâ€™} has no member named â€˜[01m[Ktarget_altitude[m[Kâ€™; did you mean â€˜[01m[Kset__altitude[m[Kâ€™?
[3.278s]    25 | (this->get_logger(), "Received goal to fly to altitude: %.2f", goal->[01;31m[Ktarget_altitude[m[K);
[3.278s]       |                                                                      [01;31m[K^~~~~~~~~~~~~~~[m[K
[3.279s] 
[3.281s] [01m[K/home/momo/uav_ws/src/uav_control/src/flight_action_server.cpp:[m[K In lambda function:
[3.281s] [01m[K/home/momo/uav_ws/src/uav_control/src/flight_action_server.cpp:43:21:[m[K [01;31m[Kerror: [m[Kâ€˜[01m[Kusing element_type = struct uav_control_interfaces::action::Flight_Result_<std::allocator<void> >[m[Kâ€™ {aka â€˜[01m[Kstruct uav_control_interfaces::action::Flight_Result_<std::allocator<void> >[m[Kâ€™} has no member named â€˜[01m[Ksuccess[m[Kâ€™
[3.281s]    43 |             result->[01;31m[Ksuccess[m[K = true;
[3.282s]       |                     [01;31m[K^~~~~~~[m[K
[4.396s] make[2]: *** [CMakeFiles/flight_action_server.dir/build.make:63: CMakeFiles/flight_action_server.dir/src/flight_action_server.cpp.o] Error 1
[4.397s] make[1]: *** [CMakeFiles/Makefile2:78: CMakeFiles/flight_action_server.dir/all] Error 2
[4.397s] make: *** [Makefile:141: all] Error 2
[4.400s] Invoked command in '/home/momo/uav_ws/build/uav_control' returned '2': CMAKE_PREFIX_PATH=/opt/ros/foxy:${CMAKE_PREFIX_PATH} /usr/bin/cmake --build /home/momo/uav_ws/build/uav_control -- -j8 -l8
