-- The C compiler identification is GNU 9.4.0
-- The CXX compiler identification is GNU 9.4.0
-- Check for working C compiler: /usr/bin/cc
-- Check for working C compiler: /usr/bin/cc -- works
-- Detecting C compiler ABI info
-- Detecting C compiler ABI info - done
-- Detecting C compile features
-- Detecting C compile features - done
-- Check for working CXX compiler: /usr/bin/c++
-- Check for working CXX compiler: /usr/bin/c++ -- works
-- Detecting CXX compiler ABI info
-- Detecting CXX compiler ABI info - done
-- Detecting CXX compile features
-- Detecting CXX compile features - done
-- Found ament_cmake: 0.9.12 (/opt/ros/foxy/share/ament_cmake/cmake)
-- Found PythonInterp: /usr/bin/python3 (found suitable version "3.8.10", minimum required is "3") 
-- Using PYTHON_EXECUTABLE: /usr/bin/python3
-- Found rclcpp: 2.4.3 (/opt/ros/foxy/share/rclcpp/cmake)
-- Using all available rosidl_typesupport_c: rosidl_typesupport_fastrtps_c;rosidl_typesupport_introspection_c
-- Found rosidl_adapter: 1.3.1 (/opt/ros/foxy/share/rosidl_adapter/cmake)
-- Found OpenSSL: /usr/lib/x86_64-linux-gnu/libcrypto.so (found version "1.1.1f")  
-- Found FastRTPS: /opt/ros/foxy/include  
-- Using all available rosidl_typesupport_cpp: rosidl_typesupport_fastrtps_cpp;rosidl_typesupport_introspection_cpp
-- Found rmw_implementation_cmake: 1.0.4 (/opt/ros/foxy/share/rmw_implementation_cmake/cmake)
-- Using RMW implementation 'rmw_fastrtps_cpp' as default
-- Looking for pthread.h
-- Looking for pthread.h - found
-- Performing Test CMAKE_HAVE_LIBC_PTHREAD
-- Performing Test CMAKE_HAVE_LIBC_PTHREAD - Failed
-- Looking for pthread_create in pthreads
-- Looking for pthread_create in pthreads - not found
-- Looking for pthread_create in pthread
-- Looking for pthread_create in pthread - found
-- Found Threads: TRUE  
-- Found rclcpp_action: 2.4.3 (/opt/ros/foxy/share/rclcpp_action/cmake)
-- Found uav_control_interfaces: 0.1.0 (/home/momo/uav_interface_ws/install/uav_control_interfaces/share/uav_control_interfaces/cmake)
-- Configuring done
-- Generating done
-- Build files have been written to: /home/momo/ugv_ws/build/ugv_control
[35m[1mScanning dependencies of target flight_action_client[0m
[ 50%] [32mBuilding CXX object CMakeFiles/flight_action_client.dir/src/flight_action_client.cpp.o[0m
In file included from [01m[K/opt/ros/foxy/include/rclcpp/client.hpp:40[m[K,
                 from [01m[K/opt/ros/foxy/include/rclcpp/callback_group.hpp:23[m[K,
                 from [01m[K/opt/ros/foxy/include/rclcpp/any_executable.hpp:20[m[K,
                 from [01m[K/opt/ros/foxy/include/rclcpp/memory_strategy.hpp:24[m[K,
                 from [01m[K/opt/ros/foxy/include/rclcpp/memory_strategies.hpp:18[m[K,
                 from [01m[K/opt/ros/foxy/include/rclcpp/executor_options.hpp:20[m[K,
                 from [01m[K/opt/ros/foxy/include/rclcpp/executor.hpp:33[m[K,
                 from [01m[K/opt/ros/foxy/include/rclcpp/executors/multi_threaded_executor.hpp:26[m[K,
                 from [01m[K/opt/ros/foxy/include/rclcpp/executors.hpp:21[m[K,
                 from [01m[K/opt/ros/foxy/include/rclcpp/rclcpp.hpp:146[m[K,
                 from [01m[K/home/momo/ugv_ws/src/ugv_control/src/flight_action_client.cpp:1[m[K:
[01m[K/home/momo/ugv_ws/src/ugv_control/src/flight_action_client.cpp:[m[K In member function â€˜[01m[Kvoid FlightActionClient::feedback_callback(rclcpp_action::ClientGoalHandle<uav_control_interfaces::action::Flight>::SharedPtr, std::shared_ptr<const uav_control_interfaces::action::Flight_Feedback_<std::allocator<void> > >)[m[Kâ€™:
[01m[K/home/momo/ugv_ws/src/ugv_control/src/flight_action_client.cpp:85:79:[m[K [01;31m[Kerror: [m[Kâ€˜[01m[Kusing element_type = const struct uav_control_interfaces::action::Flight_Feedback_<std::allocator<void> >[m[Kâ€™ {aka â€˜[01m[Kconst struct uav_control_interfaces::action::Flight_Feedback_<std::allocator<void> >[m[Kâ€™} has no member named â€˜[01m[Kcurrent_altitude[m[Kâ€™
   85 | LCPP_INFO(this->get_logger(), "Feedback: Altitude: %.2f", feedback->[01;31m[Kcurrent_altitude[m[K);
      |                                                                     [01;31m[K^~~~~~~~~~~~~~~~[m[K

[01m[K/home/momo/ugv_ws/src/ugv_control/src/flight_action_client.cpp:[m[K In member function â€˜[01m[Kvoid FlightActionClient::result_callback(const WrappedResult&)[m[Kâ€™:
[01m[K/home/momo/ugv_ws/src/ugv_control/src/flight_action_client.cpp:92:82:[m[K [01;31m[Kerror: [m[Kâ€˜[01m[Kusing element_type = struct uav_control_interfaces::action::Flight_Result_<std::allocator<void> >[m[Kâ€™ {aka â€˜[01m[Kstruct uav_control_interfaces::action::Flight_Result_<std::allocator<void> >[m[Kâ€™} has no member named â€˜[01m[Kstatus[m[Kâ€™
   92 |  RCLCPP_INFO(this->get_logger(), "Goal succeeded: %s", result.result->[01;31m[Kstatus[m[K.c_str());
      |                                                                       [01;31m[K^~~~~~[m[K

make[2]: *** [CMakeFiles/flight_action_client.dir/build.make:63: CMakeFiles/flight_action_client.dir/src/flight_action_client.cpp.o] Error 1
make[1]: *** [CMakeFiles/Makefile2:78: CMakeFiles/flight_action_client.dir/all] Error 2
make: *** [Makefile:141: all] Error 2
